{"/Users/jorge.melgoza/Documents/TP/nodejs/march-training/nodejs-course-globant-march-2021/final-jorge-melgoza/users-service/src/api-routes/userRoutes.js": {"path":"/Users/jorge.melgoza/Documents/TP/nodejs/march-training/nodejs-course-globant-march-2021/final-jorge-melgoza/users-service/src/api-routes/userRoutes.js","statementMap":{"0":{"start":{"line":1,"column":16},"end":{"line":1,"column":34}},"1":{"start":{"line":2,"column":15},"end":{"line":2,"column":31}},"2":{"start":{"line":4,"column":23},"end":{"line":4,"column":63}},"3":{"start":{"line":7,"column":0},"end":{"line":7,"column":44}},"4":{"start":{"line":9,"column":0},"end":{"line":9,"column":47}},"5":{"start":{"line":11,"column":0},"end":{"line":11,"column":43}},"6":{"start":{"line":13,"column":0},"end":{"line":13,"column":52}},"7":{"start":{"line":15,"column":0},"end":{"line":15,"column":48}},"8":{"start":{"line":17,"column":0},"end":{"line":17,"column":50}},"9":{"start":{"line":19,"column":0},"end":{"line":19,"column":24}}},"fnMap":{},"branchMap":{},"s":{"0":1,"1":1,"2":1,"3":1,"4":1,"5":1,"6":1,"7":1,"8":1,"9":1},"f":{},"b":{},"_coverageSchema":"1a1c01bbd47fc00a2c39e90264f33305004495a9","hash":"b536f7bcaba2acf6509a766b1780878ffdf6cc8b"}
,"/Users/jorge.melgoza/Documents/TP/nodejs/march-training/nodejs-course-globant-march-2021/final-jorge-melgoza/users-service/src/config/index.js": {"path":"/Users/jorge.melgoza/Documents/TP/nodejs/march-training/nodejs-course-globant-march-2021/final-jorge-melgoza/users-service/src/config/index.js","statementMap":{"0":{"start":{"line":1,"column":16},"end":{"line":1,"column":35}},"1":{"start":{"line":2,"column":16},"end":{"line":2,"column":35}},"2":{"start":{"line":3,"column":16},"end":{"line":3,"column":35}},"3":{"start":{"line":5,"column":0},"end":{"line":9,"column":1}},"4":{"start":{"line":7,"column":8},"end":{"line":7,"column":167}}},"fnMap":{"0":{"name":"(anonymous_0)","decl":{"start":{"line":6,"column":27},"end":{"line":6,"column":28}},"loc":{"start":{"line":6,"column":39},"end":{"line":8,"column":5}},"line":6}},"branchMap":{},"s":{"0":2,"1":2,"2":2,"3":2,"4":2},"f":{"0":2},"b":{},"_coverageSchema":"1a1c01bbd47fc00a2c39e90264f33305004495a9","hash":"cd30868dca71a55f384016ba01f7efd91353d9cd"}
,"/Users/jorge.melgoza/Documents/TP/nodejs/march-training/nodejs-course-globant-march-2021/final-jorge-melgoza/users-service/src/controllers/userController.js": {"path":"/Users/jorge.melgoza/Documents/TP/nodejs/march-training/nodejs-course-globant-march-2021/final-jorge-melgoza/users-service/src/controllers/userController.js","statementMap":{"0":{"start":{"line":1,"column":15},"end":{"line":1,"column":34}},"1":{"start":{"line":2,"column":20},"end":{"line":2,"column":51}},"2":{"start":{"line":3,"column":15},"end":{"line":3,"column":41}},"3":{"start":{"line":5,"column":13},"end":{"line":5,"column":38}},"4":{"start":{"line":7,"column":0},"end":{"line":32,"column":1}},"5":{"start":{"line":8,"column":30},"end":{"line":8,"column":38}},"6":{"start":{"line":9,"column":2},"end":{"line":9,"column":58}},"7":{"start":{"line":10,"column":2},"end":{"line":31,"column":7}},"8":{"start":{"line":12,"column":19},"end":{"line":15,"column":8}},"9":{"start":{"line":17,"column":6},"end":{"line":30,"column":11}},"10":{"start":{"line":19,"column":10},"end":{"line":19,"column":59}},"11":{"start":{"line":20,"column":10},"end":{"line":22,"column":13}},"12":{"start":{"line":25,"column":10},"end":{"line":25,"column":56}},"13":{"start":{"line":26,"column":10},"end":{"line":26,"column":36}},"14":{"start":{"line":27,"column":10},"end":{"line":29,"column":13}},"15":{"start":{"line":34,"column":0},"end":{"line":54,"column":1}},"16":{"start":{"line":35,"column":20},"end":{"line":35,"column":30}},"17":{"start":{"line":38,"column":2},"end":{"line":53,"column":7}},"18":{"start":{"line":40,"column":6},"end":{"line":44,"column":7}},"19":{"start":{"line":41,"column":8},"end":{"line":41,"column":48}},"20":{"start":{"line":42,"column":8},"end":{"line":42,"column":60}},"21":{"start":{"line":43,"column":8},"end":{"line":43,"column":31}},"22":{"start":{"line":45,"column":6},"end":{"line":45,"column":23}},"23":{"start":{"line":46,"column":6},"end":{"line":46,"column":47}},"24":{"start":{"line":47,"column":6},"end":{"line":50,"column":9}},"25":{"start":{"line":52,"column":6},"end":{"line":52,"column":39}},"26":{"start":{"line":56,"column":0},"end":{"line":94,"column":1}},"27":{"start":{"line":57,"column":30},"end":{"line":57,"column":38}},"28":{"start":{"line":59,"column":2},"end":{"line":59,"column":58}},"29":{"start":{"line":61,"column":2},"end":{"line":93,"column":7}},"30":{"start":{"line":63,"column":6},"end":{"line":67,"column":7}},"31":{"start":{"line":64,"column":8},"end":{"line":64,"column":48}},"32":{"start":{"line":65,"column":8},"end":{"line":65,"column":60}},"33":{"start":{"line":66,"column":8},"end":{"line":66,"column":31}},"34":{"start":{"line":68,"column":6},"end":{"line":68,"column":23}},"35":{"start":{"line":69,"column":6},"end":{"line":69,"column":47}},"36":{"start":{"line":71,"column":6},"end":{"line":89,"column":10}},"37":{"start":{"line":73,"column":10},"end":{"line":73,"column":36}},"38":{"start":{"line":75,"column":10},"end":{"line":88,"column":15}},"39":{"start":{"line":77,"column":14},"end":{"line":77,"column":63}},"40":{"start":{"line":78,"column":14},"end":{"line":80,"column":17}},"41":{"start":{"line":83,"column":14},"end":{"line":83,"column":58}},"42":{"start":{"line":84,"column":14},"end":{"line":84,"column":40}},"43":{"start":{"line":85,"column":14},"end":{"line":87,"column":17}},"44":{"start":{"line":92,"column":6},"end":{"line":92,"column":39}},"45":{"start":{"line":96,"column":0},"end":{"line":111,"column":1}},"46":{"start":{"line":97,"column":20},"end":{"line":97,"column":30}},"47":{"start":{"line":98,"column":2},"end":{"line":110,"column":4}},"48":{"start":{"line":99,"column":4},"end":{"line":109,"column":5}},"49":{"start":{"line":100,"column":6},"end":{"line":100,"column":51}},"50":{"start":{"line":101,"column":6},"end":{"line":103,"column":9}},"51":{"start":{"line":105,"column":6},"end":{"line":105,"column":55}},"52":{"start":{"line":106,"column":6},"end":{"line":108,"column":9}},"53":{"start":{"line":113,"column":0},"end":{"line":147,"column":1}},"54":{"start":{"line":114,"column":30},"end":{"line":114,"column":38}},"55":{"start":{"line":117,"column":2},"end":{"line":146,"column":7}},"56":{"start":{"line":119,"column":6},"end":{"line":123,"column":7}},"57":{"start":{"line":120,"column":8},"end":{"line":120,"column":48}},"58":{"start":{"line":121,"column":8},"end":{"line":121,"column":60}},"59":{"start":{"line":122,"column":8},"end":{"line":122,"column":31}},"60":{"start":{"line":124,"column":6},"end":{"line":124,"column":23}},"61":{"start":{"line":125,"column":6},"end":{"line":125,"column":47}},"62":{"start":{"line":126,"column":6},"end":{"line":126,"column":66}},"63":{"start":{"line":129,"column":6},"end":{"line":133,"column":7}},"64":{"start":{"line":130,"column":8},"end":{"line":130,"column":53}},"65":{"start":{"line":131,"column":8},"end":{"line":131,"column":65}},"66":{"start":{"line":132,"column":8},"end":{"line":132,"column":36}},"67":{"start":{"line":135,"column":24},"end":{"line":135,"column":76}},"68":{"start":{"line":136,"column":6},"end":{"line":136,"column":53}},"69":{"start":{"line":138,"column":6},"end":{"line":142,"column":9}},"70":{"start":{"line":145,"column":6},"end":{"line":145,"column":39}},"71":{"start":{"line":149,"column":0},"end":{"line":157,"column":1}},"72":{"start":{"line":150,"column":16},"end":{"line":150,"column":55}},"73":{"start":{"line":151,"column":2},"end":{"line":156,"column":3}},"74":{"start":{"line":152,"column":19},"end":{"line":152,"column":44}},"75":{"start":{"line":153,"column":4},"end":{"line":153,"column":33}},"76":{"start":{"line":155,"column":4},"end":{"line":155,"column":45}}},"fnMap":{"0":{"name":"(anonymous_0)","decl":{"start":{"line":7,"column":21},"end":{"line":7,"column":22}},"loc":{"start":{"line":7,"column":41},"end":{"line":32,"column":1}},"line":7},"1":{"name":"(anonymous_1)","decl":{"start":{"line":11,"column":10},"end":{"line":11,"column":11}},"loc":{"start":{"line":11,"column":18},"end":{"line":31,"column":5}},"line":11},"2":{"name":"(anonymous_2)","decl":{"start":{"line":18,"column":14},"end":{"line":18,"column":15}},"loc":{"start":{"line":18,"column":24},"end":{"line":23,"column":9}},"line":18},"3":{"name":"(anonymous_3)","decl":{"start":{"line":24,"column":15},"end":{"line":24,"column":16}},"loc":{"start":{"line":24,"column":22},"end":{"line":30,"column":9}},"line":24},"4":{"name":"(anonymous_4)","decl":{"start":{"line":34,"column":19},"end":{"line":34,"column":20}},"loc":{"start":{"line":34,"column":39},"end":{"line":54,"column":1}},"line":34},"5":{"name":"(anonymous_5)","decl":{"start":{"line":39,"column":10},"end":{"line":39,"column":11}},"loc":{"start":{"line":39,"column":18},"end":{"line":51,"column":5}},"line":39},"6":{"name":"(anonymous_6)","decl":{"start":{"line":51,"column":13},"end":{"line":51,"column":14}},"loc":{"start":{"line":51,"column":20},"end":{"line":53,"column":5}},"line":51},"7":{"name":"(anonymous_7)","decl":{"start":{"line":56,"column":21},"end":{"line":56,"column":22}},"loc":{"start":{"line":56,"column":41},"end":{"line":94,"column":1}},"line":56},"8":{"name":"(anonymous_8)","decl":{"start":{"line":62,"column":10},"end":{"line":62,"column":11}},"loc":{"start":{"line":62,"column":18},"end":{"line":91,"column":5}},"line":62},"9":{"name":"(anonymous_9)","decl":{"start":{"line":72,"column":14},"end":{"line":72,"column":15}},"loc":{"start":{"line":72,"column":22},"end":{"line":89,"column":9}},"line":72},"10":{"name":"(anonymous_10)","decl":{"start":{"line":76,"column":18},"end":{"line":76,"column":19}},"loc":{"start":{"line":76,"column":28},"end":{"line":81,"column":13}},"line":76},"11":{"name":"(anonymous_11)","decl":{"start":{"line":82,"column":19},"end":{"line":82,"column":20}},"loc":{"start":{"line":82,"column":26},"end":{"line":88,"column":13}},"line":82},"12":{"name":"(anonymous_12)","decl":{"start":{"line":91,"column":13},"end":{"line":91,"column":14}},"loc":{"start":{"line":91,"column":20},"end":{"line":93,"column":5}},"line":91},"13":{"name":"(anonymous_13)","decl":{"start":{"line":96,"column":21},"end":{"line":96,"column":22}},"loc":{"start":{"line":96,"column":41},"end":{"line":111,"column":1}},"line":96},"14":{"name":"(anonymous_14)","decl":{"start":{"line":98,"column":42},"end":{"line":98,"column":43}},"loc":{"start":{"line":98,"column":56},"end":{"line":110,"column":3}},"line":98},"15":{"name":"(anonymous_15)","decl":{"start":{"line":113,"column":20},"end":{"line":113,"column":21}},"loc":{"start":{"line":113,"column":40},"end":{"line":147,"column":1}},"line":113},"16":{"name":"(anonymous_16)","decl":{"start":{"line":118,"column":10},"end":{"line":118,"column":11}},"loc":{"start":{"line":118,"column":18},"end":{"line":127,"column":5}},"line":118},"17":{"name":"(anonymous_17)","decl":{"start":{"line":128,"column":10},"end":{"line":128,"column":11}},"loc":{"start":{"line":128,"column":20},"end":{"line":143,"column":5}},"line":128},"18":{"name":"(anonymous_18)","decl":{"start":{"line":144,"column":11},"end":{"line":144,"column":12}},"loc":{"start":{"line":144,"column":18},"end":{"line":146,"column":5}},"line":144},"19":{"name":"(anonymous_19)","decl":{"start":{"line":149,"column":22},"end":{"line":149,"column":23}},"loc":{"start":{"line":149,"column":42},"end":{"line":157,"column":1}},"line":149}},"branchMap":{"0":{"loc":{"start":{"line":40,"column":6},"end":{"line":44,"column":7}},"type":"if","locations":[{"start":{"line":40,"column":6},"end":{"line":44,"column":7}},{"start":{"line":40,"column":6},"end":{"line":44,"column":7}}],"line":40},"1":{"loc":{"start":{"line":52,"column":19},"end":{"line":52,"column":37}},"type":"binary-expr","locations":[{"start":{"line":52,"column":19},"end":{"line":52,"column":30}},{"start":{"line":52,"column":34},"end":{"line":52,"column":37}}],"line":52},"2":{"loc":{"start":{"line":63,"column":6},"end":{"line":67,"column":7}},"type":"if","locations":[{"start":{"line":63,"column":6},"end":{"line":67,"column":7}},{"start":{"line":63,"column":6},"end":{"line":67,"column":7}}],"line":63},"3":{"loc":{"start":{"line":92,"column":19},"end":{"line":92,"column":37}},"type":"binary-expr","locations":[{"start":{"line":92,"column":19},"end":{"line":92,"column":30}},{"start":{"line":92,"column":34},"end":{"line":92,"column":37}}],"line":92},"4":{"loc":{"start":{"line":99,"column":4},"end":{"line":109,"column":5}},"type":"if","locations":[{"start":{"line":99,"column":4},"end":{"line":109,"column":5}},{"start":{"line":99,"column":4},"end":{"line":109,"column":5}}],"line":99},"5":{"loc":{"start":{"line":99,"column":8},"end":{"line":99,"column":19}},"type":"binary-expr","locations":[{"start":{"line":99,"column":8},"end":{"line":99,"column":12}},{"start":{"line":99,"column":16},"end":{"line":99,"column":19}}],"line":99},"6":{"loc":{"start":{"line":119,"column":6},"end":{"line":123,"column":7}},"type":"if","locations":[{"start":{"line":119,"column":6},"end":{"line":123,"column":7}},{"start":{"line":119,"column":6},"end":{"line":123,"column":7}}],"line":119},"7":{"loc":{"start":{"line":129,"column":6},"end":{"line":133,"column":7}},"type":"if","locations":[{"start":{"line":129,"column":6},"end":{"line":133,"column":7}},{"start":{"line":129,"column":6},"end":{"line":133,"column":7}}],"line":129},"8":{"loc":{"start":{"line":145,"column":19},"end":{"line":145,"column":37}},"type":"binary-expr","locations":[{"start":{"line":145,"column":19},"end":{"line":145,"column":30}},{"start":{"line":145,"column":34},"end":{"line":145,"column":37}}],"line":145}},"s":{"0":1,"1":1,"2":1,"3":1,"4":1,"5":2,"6":2,"7":2,"8":2,"9":2,"10":1,"11":1,"12":1,"13":1,"14":1,"15":1,"16":2,"17":2,"18":2,"19":1,"20":1,"21":1,"22":1,"23":1,"24":1,"25":1,"26":1,"27":0,"28":0,"29":0,"30":0,"31":0,"32":0,"33":0,"34":0,"35":0,"36":0,"37":0,"38":0,"39":0,"40":0,"41":0,"42":0,"43":0,"44":0,"45":1,"46":1,"47":1,"48":1,"49":0,"50":0,"51":1,"52":1,"53":1,"54":0,"55":0,"56":0,"57":0,"58":0,"59":0,"60":0,"61":0,"62":0,"63":0,"64":0,"65":0,"66":0,"67":0,"68":0,"69":0,"70":0,"71":1,"72":0,"73":0,"74":0,"75":0,"76":0},"f":{"0":2,"1":2,"2":1,"3":1,"4":2,"5":2,"6":1,"7":0,"8":0,"9":0,"10":0,"11":0,"12":0,"13":1,"14":1,"15":0,"16":0,"17":0,"18":0,"19":0},"b":{"0":[1,1],"1":[1,1],"2":[0,0],"3":[0,0],"4":[0,1],"5":[1,1],"6":[0,0],"7":[0,0],"8":[0,0]},"_coverageSchema":"1a1c01bbd47fc00a2c39e90264f33305004495a9","hash":"048ca1d739d793fb3de4f1de7f5e0c714b28efad"}
,"/Users/jorge.melgoza/Documents/TP/nodejs/march-training/nodejs-course-globant-march-2021/final-jorge-melgoza/users-service/src/utils/authservice.js": {"path":"/Users/jorge.melgoza/Documents/TP/nodejs/march-training/nodejs-course-globant-march-2021/final-jorge-melgoza/users-service/src/utils/authservice.js","statementMap":{"0":{"start":{"line":1,"column":12},"end":{"line":1,"column":35}},"1":{"start":{"line":2,"column":15},"end":{"line":2,"column":34}},"2":{"start":{"line":4,"column":19},"end":{"line":4,"column":52}},"3":{"start":{"line":5,"column":16},"end":{"line":5,"column":57}},"4":{"start":{"line":7,"column":0},"end":{"line":31,"column":2}},"5":{"start":{"line":9,"column":4},"end":{"line":17,"column":5}},"6":{"start":{"line":10,"column":27},"end":{"line":10,"column":53}},"7":{"start":{"line":11,"column":6},"end":{"line":11,"column":95}},"8":{"start":{"line":12,"column":6},"end":{"line":12,"column":72}},"9":{"start":{"line":14,"column":6},"end":{"line":14,"column":42}},"10":{"start":{"line":15,"column":6},"end":{"line":15,"column":26}},"11":{"start":{"line":16,"column":6},"end":{"line":16,"column":46}},"12":{"start":{"line":20,"column":4},"end":{"line":22,"column":5}},"13":{"start":{"line":21,"column":6},"end":{"line":21,"column":34}},"14":{"start":{"line":23,"column":4},"end":{"line":23,"column":50}},"15":{"start":{"line":25,"column":18},"end":{"line":28,"column":5}},"16":{"start":{"line":29,"column":4},"end":{"line":29,"column":57}}},"fnMap":{"0":{"name":"(anonymous_0)","decl":{"start":{"line":8,"column":10},"end":{"line":8,"column":11}},"loc":{"start":{"line":8,"column":21},"end":{"line":18,"column":3}},"line":8},"1":{"name":"(anonymous_1)","decl":{"start":{"line":19,"column":12},"end":{"line":19,"column":13}},"loc":{"start":{"line":19,"column":31},"end":{"line":30,"column":3}},"line":19}},"branchMap":{"0":{"loc":{"start":{"line":5,"column":16},"end":{"line":5,"column":57}},"type":"binary-expr","locations":[{"start":{"line":5,"column":16},"end":{"line":5,"column":35}},{"start":{"line":5,"column":39},"end":{"line":5,"column":57}}],"line":5},"1":{"loc":{"start":{"line":20,"column":4},"end":{"line":22,"column":5}},"type":"if","locations":[{"start":{"line":20,"column":4},"end":{"line":22,"column":5}},{"start":{"line":20,"column":4},"end":{"line":22,"column":5}}],"line":20},"2":{"loc":{"start":{"line":20,"column":7},"end":{"line":20,"column":24}},"type":"binary-expr","locations":[{"start":{"line":20,"column":7},"end":{"line":20,"column":13}},{"start":{"line":20,"column":17},"end":{"line":20,"column":24}}],"line":20}},"s":{"0":2,"1":2,"2":2,"3":2,"4":2,"5":2,"6":2,"7":1,"8":1,"9":1,"10":1,"11":1,"12":3,"13":1,"14":2,"15":2,"16":2},"f":{"0":2,"1":3},"b":{"0":[2,2],"1":[1,2],"2":[3,2]},"_coverageSchema":"1a1c01bbd47fc00a2c39e90264f33305004495a9","hash":"96bc3537802699719fb7f7e916705ed89a6f6ec1"}
,"/Users/jorge.melgoza/Documents/TP/nodejs/march-training/nodejs-course-globant-march-2021/final-jorge-melgoza/users-service/src/utils/logger.js": {"path":"/Users/jorge.melgoza/Documents/TP/nodejs/march-training/nodejs-course-globant-march-2021/final-jorge-melgoza/users-service/src/utils/logger.js","statementMap":{"0":{"start":{"line":1,"column":45},"end":{"line":1,"column":63}},"1":{"start":{"line":3,"column":0},"end":{"line":12,"column":3}},"2":{"start":{"line":10,"column":30},"end":{"line":10,"column":83}}},"fnMap":{"0":{"name":"(anonymous_0)","decl":{"start":{"line":10,"column":22},"end":{"line":10,"column":23}},"loc":{"start":{"line":10,"column":30},"end":{"line":10,"column":83}},"line":10}},"branchMap":{},"s":{"0":2,"1":2,"2":16},"f":{"0":16},"b":{},"_coverageSchema":"1a1c01bbd47fc00a2c39e90264f33305004495a9","hash":"150a7228d70e20e0168538acc648f25d9294e7b0"}
}
